#
# A fatal error has been detected by the Java Runtime Environment:
#
#  SIGSEGV (0xb) at pc=0x0000000105d302b0, pid=7406, tid=17155
#
# JRE version: Java(TM) SE Runtime Environment (8.0_25-b17) (build 1.8.0_25-b17)
# Java VM: Java HotSpot(TM) 64-Bit Server VM (25.25-b02 mixed mode bsd-amd64 compressed oops)
# Problematic frame:
# V  [libjvm.dylib+0x4232b0]  Method::checked_resolve_jmethod_id(_jmethodID*)+0xe
#
# Failed to write core dump. Core dumps have been disabled. To enable core dumping, try "ulimit -c unlimited" before starting Java again
#
# If you would like to submit a bug report, please visit:
#   http://bugreport.sun.com/bugreport/crash.jsp
#

---------------  T H R E A D  ---------------

Current thread (0x00007f88c300a000):  JavaThread "JDWP Transport Listener: dt_socket" daemon [_thread_in_vm, id=17155, stack(0x0000700000b3b000,0x0000700000c3b000)]

siginfo: si_signo: 11 (SIGSEGV), si_code: 0 (unknown), si_addr: 0x0000000000000000

Registers:
RAX=0x0000000000000001, RBX=0x0000700000c3aa8b, RCX=0x00000001060e3c80, RDX=0x0000700000c3aa8b
RSP=0x0000700000c3a9d0, RBP=0x0000700000c3a9e0, RSI=0x00007f88c300a000, RDI=0x80000000000000c2
R8 =0x0000000000000000, R9 =0x00007f88c2526d40, R10=0x00000000b55ba73a, R11=0x00007f88c2500000
R12=0x00007f88c300a000, R13=0x80000000000000c2, R14=0x80000000000000c2, R15=0x00007f88c2500220
RIP=0x0000000105d302b0, EFLAGS=0x0000000000010282, ERR=0x0000000000000000
  TRAPNO=0x000000000000000d

Top of Stack: (sp=0x0000700000c3a9d0)
0x0000700000c3a9d0:   0000700000c3aa8b 0000700000c3aa8b
0x0000700000c3a9e0:   0000700000c3aa40 0000000105c4226e
0x0000700000c3a9f0:   00007f88c300a000 0000000000000000
0x0000700000c3aa00:   0000000000000000 0000000000000000
0x0000700000c3aa10:   00007f88c300a000 00007f88c300a000
0x0000700000c3aa20:   0000700000c3aa8b 0000700000c3aa90
0x0000700000c3aa30:   80000000000000c2 0000000000000009
0x0000700000c3aa40:   0000700000c3aa60 000000010688c7dc
0x0000700000c3aa50:   0000000000000001 0000700000c3ab08
0x0000700000c3aa60:   0000700000c3aad0 0000000106871263
0x0000700000c3aa70:   0000700000c3aaa0 00007f88c25296c0
0x0000700000c3aa80:   0000000a00000032 0000000900c3ab08
0x0000700000c3aa90:   0000000000000000 0000000000000000
0x0000700000c3aaa0:   0000000000000000 0000700000c3ac90
0x0000700000c3aab0:   0000000106893eca 00007f88c24457b0
0x0000700000c3aac0:   0000700000c3ab08 000000010689f588
0x0000700000c3aad0:   0000700000c3aae0 000000010687135c
0x0000700000c3aae0:   0000700000c3ad00 000000010687a8f6
0x0000700000c3aaf0:   000072f000000013 00000000000f0200
0x0000700000c3ab00:   00007f88c2442f00 00007f88c252a083
0x0000700000c3ab10:   00007f8800000085 00007f88c252a110
0x0000700000c3ab20:   00007f880000012c 0000700000c3ab58
0x0000700000c3ab30:   00007f88c252a110 0000000000000000
0x0000700000c3ab40:   000072f000000030 0000000000000080
0x0000700000c3ab50:   0000700000c3ab58 887f00000a000000
0x0000700000c3ab60:   06000000406f52c2 00003e74696e693c
0x0000700000c3ab70:   6176616a4c281400 694c2f6c6974752f
0x0000700000c3ab80:   00005629493b7473 6176616a4c282b00
0x0000700000c3ab90:   694c2f6c6974752f 697373414c3c7473
0x0000700000c3aba0:   2f32746e656d6e67 3b7465736d657449
0x0000700000c3abb0:   0000005629493b3e 6f52c2887f000001
0x0000700000c3abc0:   6e693c0600000048 28220000003e7469 

Instructions: (pc=0x0000000105d302b0)
0x0000000105d30290:   40 48 48 85 c0 75 e0 30 c0 0f b6 c0 5d c3 31 c0
0x0000000105d302a0:   5d c3 55 48 89 e5 53 48 83 ec 08 48 85 ff 74 24
0x0000000105d302b0:   48 8b 1f 48 85 db 74 1c 48 83 fb 37 74 16 48 8b
0x0000000105d302c0:   03 48 89 df ff 50 10 84 c0 b8 00 00 00 00 48 0f 

Register to memory mapping:

RAX=0x0000000000000001 is an unknown value
RBX=0x0000700000c3aa8b is pointing into the stack for thread: 0x00007f88c300a000
RCX=0x00000001060e3c80: UseMembar+0 in /Library/Java/JavaVirtualMachines/jdk1.8.0_25.jdk/Contents/Home/jre/lib/server/libjvm.dylib at 0x000000010590d000
RDX=0x0000700000c3aa8b is pointing into the stack for thread: 0x00007f88c300a000
RSP=0x0000700000c3a9d0 is pointing into the stack for thread: 0x00007f88c300a000
RBP=0x0000700000c3a9e0 is pointing into the stack for thread: 0x00007f88c300a000
RSI=0x00007f88c300a000 is a thread
RDI=0x80000000000000c2 is an unknown value
R8 =0x0000000000000000 is an unknown value
R9 =0x00007f88c2526d40 is an unknown value
R10=0x00000000b55ba73a is an unknown value
R11=0x00007f88c2500000 is an unknown value
R12=0x00007f88c300a000 is a thread
R13=0x80000000000000c2 is an unknown value
R14=0x80000000000000c2 is an unknown value
R15=0x00007f88c2500220 is an unknown value


Stack: [0x0000700000b3b000,0x0000700000c3b000],  sp=0x0000700000c3a9d0,  free space=1022k
Native frames: (J=compiled Java code, j=interpreted, Vv=VM code, C=native code)
V  [libjvm.dylib+0x4232b0]  Method::checked_resolve_jmethod_id(_jmethodID*)+0xe
V  [libjvm.dylib+0x33526e]  jvmti_IsMethodSynthetic+0xb2
C  [libjdwp.dylib+0x207dc]  isMethodSynthetic+0x63
C  [libjdwp.dylib+0x5263]  methods1+0x10b
C  [libjdwp.dylib+0x535c]  methodsWithGeneric+0xe
C  [libjdwp.dylib+0xe8f6]  debugLoop_run+0x1ce
C  [libjdwp.dylib+0x1f716]  attachThread+0x4d
V  [libjvm.dylib+0x3762ce]  JvmtiAgentThread::call_start_function()+0x38
V  [libjvm.dylib+0x535ed9]  JavaThread::thread_main_inner()+0x9b
V  [libjvm.dylib+0x53761c]  JavaThread::run()+0x1c2
V  [libjvm.dylib+0x45d87e]  java_start(Thread*)+0xf6
C  [libsystem_pthread.dylib+0x39b1]  _pthread_body+0x83
C  [libsystem_pthread.dylib+0x392e]  _pthread_body+0x0
C  [libsystem_pthread.dylib+0x1385]  thread_start+0xd
C  0x0000000000000000


---------------  P R O C E S S  ---------------

Java Threads: ( => current thread )
  0x00007f88c300c800 JavaThread "Service Thread" daemon [_thread_blocked, id=20227, stack(0x000070000114d000,0x000070000124d000)]
  0x00007f88c3802800 JavaThread "C1 CompilerThread2" daemon [_thread_blocked, id=19715, stack(0x000070000104a000,0x000070000114a000)]
  0x00007f88c300b800 JavaThread "C2 CompilerThread1" daemon [_thread_blocked, id=19203, stack(0x0000700000f47000,0x0000700001047000)]
  0x00007f88c300b000 JavaThread "C2 CompilerThread0" daemon [_thread_blocked, id=18691, stack(0x0000700000e44000,0x0000700000f44000)]
  0x00007f88c3009000 JavaThread "JDWP Command Reader" daemon [_thread_in_native, id=18179, stack(0x0000700000d41000,0x0000700000e41000)]
  0x00007f88c2846800 JavaThread "JDWP Event Helper Thread" daemon [_thread_blocked, id=17667, stack(0x0000700000c3e000,0x0000700000d3e000)]
=>0x00007f88c300a000 JavaThread "JDWP Transport Listener: dt_socket" daemon [_thread_in_vm, id=17155, stack(0x0000700000b3b000,0x0000700000c3b000)]
  0x00007f88c3002000 JavaThread "Signal Dispatcher" daemon [_thread_blocked, id=12815, stack(0x0000700000a38000,0x0000700000b38000)]
  0x00007f88c380a800 JavaThread "Finalizer" daemon [_thread_blocked, id=12291, stack(0x000070000082f000,0x000070000092f000)]
  0x00007f88c3809800 JavaThread "Reference Handler" daemon [_thread_blocked, id=11779, stack(0x000070000072c000,0x000070000082c000)]
  0x00007f88c4000000 JavaThread "main" [_thread_blocked, id=4099, stack(0x0000700000084000,0x0000700000184000)]

Other Threads:
  0x00007f88c4034000 VMThread [stack: 0x0000700000629000,0x0000700000729000] [id=11267]
  0x00007f88c3812000 WatcherThread [stack: 0x0000700001250000,0x0000700001350000] [id=20739]

VM state:not at safepoint (normal execution)

VM Mutex/Monitor currently owned by a thread: None

Heap:
 PSYoungGen      total 38400K, used 4659K [0x0000000795580000, 0x0000000798000000, 0x00000007c0000000)
  eden space 33280K, 14% used [0x0000000795580000,0x0000000795a0cfe8,0x0000000797600000)
  from space 5120K, 0% used [0x0000000797b00000,0x0000000797b00000,0x0000000798000000)
  to   space 5120K, 0% used [0x0000000797600000,0x0000000797600000,0x0000000797b00000)
 ParOldGen       total 87552K, used 0K [0x0000000740000000, 0x0000000745580000, 0x0000000795580000)
  object space 87552K, 0% used [0x0000000740000000,0x0000000740000000,0x0000000745580000)
 Metaspace       used 3314K, capacity 4792K, committed 5120K, reserved 1056768K
  class space    used 331K, capacity 424K, committed 512K, reserved 1048576K

Card table byte_map: [0x00000001165c0000,0x00000001169c1000] byte_map_base: 0x0000000112bc0000

Marking Bits: (ParMarkBitMap*) 0x00000001061aa390
 Begin Bits: [0x0000000116c6c000, 0x0000000118c6c000)
 End Bits:   [0x0000000118c6c000, 0x000000011ac6c000)

Polling page: 0x000000010686b000

CodeCache: size=245760Kb used=1527Kb max_used=1539Kb free=244232Kb
 bounds [0x0000000107200000, 0x0000000107470000, 0x0000000116200000]
 total_blobs=402 nmethods=174 adapters=151
 compilation: enabled

Compilation events (10 events):
Event: 0.458 Thread 0x00007f88c3802800 nmethod 170 0x000000010737a290 code [0x000000010737a500, 0x000000010737b538]
Event: 0.458 Thread 0x00007f88c3802800  171       3       java.lang.ref.Finalizer::register (10 bytes)
Event: 0.459 Thread 0x00007f88c3802800 nmethod 171 0x000000010737bd50 code [0x000000010737bee0, 0x000000010737c328]
Event: 0.459 Thread 0x00007f88c3802800  172       3       java.lang.ref.Finalizer::<init> (23 bytes)
Event: 0.459 Thread 0x00007f88c3802800 nmethod 172 0x000000010737c510 code [0x000000010737c6a0, 0x000000010737ca48]
Event: 0.459 Thread 0x00007f88c3802800  173       3       java.lang.ref.FinalReference::<init> (7 bytes)
Event: 0.460 Thread 0x00007f88c3802800 nmethod 173 0x000000010737cb90 code [0x000000010737cd00, 0x000000010737cfb0]
Event: 0.460 Thread 0x00007f88c3802800  174   !   3       java.lang.ref.Finalizer::add (41 bytes)
Event: 0.461 Thread 0x00007f88c3802800 nmethod 174 0x000000010737d0d0 code [0x000000010737d240, 0x000000010737d610]
Event: 0.464 Thread 0x00007f88c300b800 nmethod 168 0x0000000107380a50 code [0x0000000107380be0, 0x00000001073812c8]

GC Heap History (0 events):
No events

Deoptimization events (0 events):
No events

Internal exceptions (10 events):
Event: 0.399 Thread 0x00007f88c4000000 Exception <a 'java/security/PrivilegedActionException'> (0x0000000795910530) thrown at [/HUDSON3/workspace/8-2-build-macosx-x86_64/jdk8u25/1514/hotspot/src/share/vm/prims/jvm.cpp, line 1312]
Event: 0.399 Thread 0x00007f88c4000000 Exception <a 'java/security/PrivilegedActionException'> (0x0000000795911dd8) thrown at [/HUDSON3/workspace/8-2-build-macosx-x86_64/jdk8u25/1514/hotspot/src/share/vm/prims/jvm.cpp, line 1312]
Event: 0.399 Thread 0x00007f88c4000000 Exception <a 'java/security/PrivilegedActionException'> (0x0000000795911f90) thrown at [/HUDSON3/workspace/8-2-build-macosx-x86_64/jdk8u25/1514/hotspot/src/share/vm/prims/jvm.cpp, line 1312]
Event: 0.399 Thread 0x00007f88c4000000 Exception <a 'java/security/PrivilegedActionException'> (0x00000007959137c8) thrown at [/HUDSON3/workspace/8-2-build-macosx-x86_64/jdk8u25/1514/hotspot/src/share/vm/prims/jvm.cpp, line 1312]
Event: 0.399 Thread 0x00007f88c4000000 Exception <a 'java/security/PrivilegedActionException'> (0x0000000795913980) thrown at [/HUDSON3/workspace/8-2-build-macosx-x86_64/jdk8u25/1514/hotspot/src/share/vm/prims/jvm.cpp, line 1312]
Event: 0.417 Thread 0x00007f88c4000000 Exception <a 'java/security/PrivilegedActionException'> (0x0000000795974db0) thrown at [/HUDSON3/workspace/8-2-build-macosx-x86_64/jdk8u25/1514/hotspot/src/share/vm/prims/jvm.cpp, line 1312]
Event: 0.417 Thread 0x00007f88c4000000 Exception <a 'java/security/PrivilegedActionException'> (0x0000000795974f68) thrown at [/HUDSON3/workspace/8-2-build-macosx-x86_64/jdk8u25/1514/hotspot/src/share/vm/prims/jvm.cpp, line 1312]
Event: 0.447 Thread 0x00007f88c4000000 Exception <a 'java/security/PrivilegedActionException'> (0x00000007959d2c80) thrown at [/HUDSON3/workspace/8-2-build-macosx-x86_64/jdk8u25/1514/hotspot/src/share/vm/prims/jvm.cpp, line 1312]
Event: 0.450 Thread 0x00007f88c4000000 Exception <a 'java/security/PrivilegedActionException'> (0x00000007959e2de8) thrown at [/HUDSON3/workspace/8-2-build-macosx-x86_64/jdk8u25/1514/hotspot/src/share/vm/prims/jvm.cpp, line 1312]
Event: 0.456 Thread 0x00007f88c4000000 Exception <a 'java/security/PrivilegedActionException'> (0x00000007959f09f8) thrown at [/HUDSON3/workspace/8-2-build-macosx-x86_64/jdk8u25/1514/hotspot/src/share/vm/prims/jvm.cpp, line 1312]

Events (10 events):
Event: 5601.719 Executing VM operation: GetOrSetLocal
Event: 5601.720 Executing VM operation: GetOrSetLocal done
Event: 5601.721 Executing VM operation: GetOrSetLocal
Event: 5601.721 Executing VM operation: GetOrSetLocal done
Event: 6610.691 Executing VM operation: RedefineClasses
Event: 6610.694 Executing VM operation: RedefineClasses done
Event: 6610.695 Executing VM operation: GetOrSetLocal
Event: 6610.695 Executing VM operation: GetOrSetLocal done
Event: 6610.743 Executing VM operation: GetOrSetLocal
Event: 6610.743 Executing VM operation: GetOrSetLocal done


Dynamic libraries:
0x0000000009530000 	/System/Library/Frameworks/Cocoa.framework/Versions/A/Cocoa
0x0000000009530000 	/System/Library/Frameworks/Security.framework/Versions/A/Security
0x0000000009530000 	/System/Library/Frameworks/ApplicationServices.framework/Versions/A/ApplicationServices
0x0000000009530000 	/usr/lib/libz.1.dylib
0x0000000009530000 	/usr/lib/libSystem.B.dylib
0x0000000009530000 	/usr/lib/libobjc.A.dylib
0x0000000009530000 	/System/Library/Frameworks/CoreFoundation.framework/Versions/A/CoreFoundation
0x0000000009530000 	/System/Library/Frameworks/Foundation.framework/Versions/C/Foundation
0x0000000009530000 	/System/Library/Frameworks/AppKit.framework/Versions/C/AppKit
0x0000000009530000 	/System/Library/Frameworks/CoreData.framework/Versions/A/CoreData
0x0000000009530000 	/System/Library/PrivateFrameworks/RemoteViewServices.framework/Versions/A/RemoteViewServices
0x0000000009530000 	/System/Library/PrivateFrameworks/UIFoundation.framework/Versions/A/UIFoundation
0x0000000009530000 	/usr/lib/libScreenReader.dylib
0x0000000009530000 	/System/Library/Frameworks/Accelerate.framework/Versions/A/Accelerate
0x0000000009530000 	/System/Library/Frameworks/IOSurface.framework/Versions/A/IOSurface
0x0000000009530000 	/System/Library/Frameworks/AudioToolbox.framework/Versions/A/AudioToolbox
0x0000000009530000 	/System/Library/Frameworks/AudioUnit.framework/Versions/A/AudioUnit
0x0000000009530000 	/System/Library/PrivateFrameworks/DataDetectorsCore.framework/Versions/A/DataDetectorsCore
0x0000000009530000 	/System/Library/PrivateFrameworks/DesktopServicesPriv.framework/Versions/A/DesktopServicesPriv
0x0000000009530000 	/System/Library/Frameworks/Carbon.framework/Versions/A/Frameworks/HIToolbox.framework/Versions/A/HIToolbox
0x0000000009530000 	/System/Library/Frameworks/QuartzCore.framework/Versions/A/QuartzCore
0x0000000009530000 	/System/Library/Frameworks/Carbon.framework/Versions/A/Frameworks/SpeechRecognition.framework/Versions/A/SpeechRecognition
0x0000000009530000 	/usr/lib/libauto.dylib
0x0000000009530000 	/usr/lib/libicucore.A.dylib
0x0000000009530000 	/usr/lib/libxml2.2.dylib
0x0000000009530000 	/System/Library/PrivateFrameworks/CoreUI.framework/Versions/A/CoreUI
0x0000000009530000 	/System/Library/Frameworks/CoreAudio.framework/Versions/A/CoreAudio
0x0000000009530000 	/System/Library/Frameworks/DiskArbitration.framework/Versions/A/DiskArbitration
0x0000000009530000 	/usr/lib/liblangid.dylib
0x0000000009530000 	/System/Library/PrivateFrameworks/MultitouchSupport.framework/Versions/A/MultitouchSupport
0x0000000009530000 	/System/Library/Frameworks/IOKit.framework/Versions/A/IOKit
0x0000000009530000 	/usr/lib/libDiagnosticMessagesClient.dylib
0x0000000009530000 	/System/Library/Frameworks/CoreServices.framework/Versions/A/CoreServices
0x0000000009530000 	/System/Library/PrivateFrameworks/PerformanceAnalysis.framework/Versions/A/PerformanceAnalysis
0x0000000009530000 	/System/Library/PrivateFrameworks/GenerationalStorage.framework/Versions/A/GenerationalStorage
0x0000000009530000 	/System/Library/Frameworks/OpenGL.framework/Versions/A/OpenGL
0x0000000009530000 	/System/Library/PrivateFrameworks/Sharing.framework/Versions/A/Sharing
0x0000000009530000 	/System/Library/Frameworks/CoreGraphics.framework/Versions/A/CoreGraphics
0x0000000009530000 	/System/Library/Frameworks/CoreImage.framework/Versions/A/CoreImage
0x0000000009530000 	/System/Library/Frameworks/CoreText.framework/Versions/A/CoreText
0x0000000009530000 	/System/Library/Frameworks/ImageIO.framework/Versions/A/ImageIO
0x0000000009530000 	/System/Library/PrivateFrameworks/Backup.framework/Versions/A/Backup
0x0000000009530000 	/usr/lib/libextension.dylib
0x0000000009530000 	/usr/lib/libarchive.2.dylib
0x0000000009530000 	/System/Library/Frameworks/CFNetwork.framework/Versions/A/CFNetwork
0x0000000009530000 	/System/Library/Frameworks/SystemConfiguration.framework/Versions/A/SystemConfiguration
0x0000000009530000 	/usr/lib/libCRFSuite.dylib
0x0000000009530000 	/usr/lib/libc++.1.dylib
0x0000000009530000 	/usr/lib/libc++abi.dylib
0x0000000009530000 	/usr/lib/system/libcache.dylib
0x0000000009530000 	/usr/lib/system/libcommonCrypto.dylib
0x0000000009530000 	/usr/lib/system/libcompiler_rt.dylib
0x0000000009530000 	/usr/lib/system/libcopyfile.dylib
0x0000000009530000 	/usr/lib/system/libcorecrypto.dylib
0x0000000009530000 	/usr/lib/system/libdispatch.dylib
0x0000000009530000 	/usr/lib/system/libdyld.dylib
0x0000000009530000 	/usr/lib/system/libkeymgr.dylib
0x0000000009530000 	/usr/lib/system/liblaunch.dylib
0x0000000009530000 	/usr/lib/system/libmacho.dylib
0x0000000009530000 	/usr/lib/system/libquarantine.dylib
0x0000000009530000 	/usr/lib/system/libremovefile.dylib
0x0000000009530000 	/usr/lib/system/libsystem_asl.dylib
0x0000000009530000 	/usr/lib/system/libsystem_blocks.dylib
0x0000000009530000 	/usr/lib/system/libsystem_c.dylib
0x0000000009530000 	/usr/lib/system/libsystem_configuration.dylib
0x0000000009530000 	/usr/lib/system/libsystem_coreservices.dylib
0x0000000009530000 	/usr/lib/system/libsystem_coretls.dylib
0x0000000009530000 	/usr/lib/system/libsystem_dnssd.dylib
0x0000000009530000 	/usr/lib/system/libsystem_info.dylib
0x0000000009530000 	/usr/lib/system/libsystem_kernel.dylib
0x0000000009530000 	/usr/lib/system/libsystem_m.dylib
0x0000000009530000 	/usr/lib/system/libsystem_malloc.dylib
0x0000000009530000 	/usr/lib/system/libsystem_network.dylib
0x0000000009530000 	/usr/lib/system/libsystem_networkextension.dylib
0x0000000009530000 	/usr/lib/system/libsystem_notify.dylib
0x0000000009530000 	/usr/lib/system/libsystem_platform.dylib
0x0000000009530000 	/usr/lib/system/libsystem_pthread.dylib
0x0000000009530000 	/usr/lib/system/libsystem_sandbox.dylib
0x0000000009530000 	/usr/lib/system/libsystem_secinit.dylib
0x0000000009530000 	/usr/lib/system/libsystem_trace.dylib
0x0000000009530000 	/usr/lib/system/libunc.dylib
0x0000000009530000 	/usr/lib/system/libunwind.dylib
0x0000000009530000 	/usr/lib/system/libxpc.dylib
0x0000000009530000 	/usr/lib/libenergytrace.dylib
0x0000000009530000 	/usr/lib/libbsm.0.dylib
0x0000000009530000 	/usr/lib/system/libkxld.dylib
0x0000000009530000 	/usr/lib/libxar.1.dylib
0x0000000009530000 	/usr/lib/libsqlite3.dylib
0x0000000009530000 	/usr/lib/libpam.2.dylib
0x0000000009530000 	/usr/lib/libOpenScriptingUtil.dylib
0x0000000009530000 	/usr/lib/libbz2.1.0.dylib
0x0000000009530000 	/usr/lib/liblzma.5.dylib
0x0000000009530000 	/System/Library/Frameworks/CoreServices.framework/Versions/A/Frameworks/FSEvents.framework/Versions/A/FSEvents
0x0000000009530000 	/System/Library/Frameworks/CoreServices.framework/Versions/A/Frameworks/CarbonCore.framework/Versions/A/CarbonCore
0x0000000009530000 	/System/Library/Frameworks/CoreServices.framework/Versions/A/Frameworks/Metadata.framework/Versions/A/Metadata
0x0000000009530000 	/System/Library/Frameworks/CoreServices.framework/Versions/A/Frameworks/OSServices.framework/Versions/A/OSServices
0x0000000009530000 	/System/Library/Frameworks/CoreServices.framework/Versions/A/Frameworks/SearchKit.framework/Versions/A/SearchKit
0x0000000009530000 	/System/Library/Frameworks/CoreServices.framework/Versions/A/Frameworks/AE.framework/Versions/A/AE
0x0000000009530000 	/System/Library/Frameworks/CoreServices.framework/Versions/A/Frameworks/LaunchServices.framework/Versions/A/LaunchServices
0x0000000009530000 	/System/Library/Frameworks/CoreServices.framework/Versions/A/Frameworks/DictionaryServices.framework/Versions/A/DictionaryServices
0x0000000009530000 	/System/Library/Frameworks/CoreServices.framework/Versions/A/Frameworks/SharedFileList.framework/Versions/A/SharedFileList
0x0000000009530000 	/System/Library/Frameworks/NetFS.framework/Versions/A/NetFS
0x0000000009530000 	/System/Library/PrivateFrameworks/NetAuth.framework/Versions/A/NetAuth
0x0000000009530000 	/System/Library/PrivateFrameworks/login.framework/Versions/A/Frameworks/loginsupport.framework/Versions/A/loginsupport
0x0000000009530000 	/System/Library/PrivateFrameworks/TCC.framework/Versions/A/TCC
0x0000000009530000 	/usr/lib/libmecabra.dylib
0x0000000009530000 	/System/Library/Frameworks/ApplicationServices.framework/Versions/A/Frameworks/ATS.framework/Versions/A/ATS
0x0000000009530000 	/System/Library/Frameworks/ApplicationServices.framework/Versions/A/Frameworks/ColorSync.framework/Versions/A/ColorSync
0x0000000009530000 	/System/Library/Frameworks/ApplicationServices.framework/Versions/A/Frameworks/HIServices.framework/Versions/A/HIServices
0x0000000009530000 	/System/Library/Frameworks/ApplicationServices.framework/Versions/A/Frameworks/LangAnalysis.framework/Versions/A/LangAnalysis
0x0000000009530000 	/System/Library/Frameworks/ApplicationServices.framework/Versions/A/Frameworks/PrintCore.framework/Versions/A/PrintCore
0x0000000009530000 	/System/Library/Frameworks/ApplicationServices.framework/Versions/A/Frameworks/QD.framework/Versions/A/QD
0x0000000009530000 	/System/Library/Frameworks/ApplicationServices.framework/Versions/A/Frameworks/SpeechSynthesis.framework/Versions/A/SpeechSynthesis
0x0000000009530000 	/System/Library/Frameworks/Metal.framework/Versions/A/Metal
0x0000000009530000 	/System/Library/Frameworks/Accelerate.framework/Versions/A/Frameworks/vImage.framework/Versions/A/vImage
0x0000000009530000 	/System/Library/Frameworks/Accelerate.framework/Versions/A/Frameworks/vecLib.framework/Versions/A/vecLib
0x0000000009530000 	/System/Library/Frameworks/Accelerate.framework/Versions/A/Frameworks/vecLib.framework/Versions/A/libvDSP.dylib
0x0000000009530000 	/System/Library/Frameworks/Accelerate.framework/Versions/A/Frameworks/vecLib.framework/Versions/A/libvMisc.dylib
0x0000000009530000 	/System/Library/Frameworks/Accelerate.framework/Versions/A/Frameworks/vecLib.framework/Versions/A/libLAPACK.dylib
0x0000000009530000 	/System/Library/Frameworks/Accelerate.framework/Versions/A/Frameworks/vecLib.framework/Versions/A/libBLAS.dylib
0x0000000009530000 	/System/Library/Frameworks/Accelerate.framework/Versions/A/Frameworks/vecLib.framework/Versions/A/libLinearAlgebra.dylib
0x0000000009530000 	/System/Library/Frameworks/Accelerate.framework/Versions/A/Frameworks/vecLib.framework/Versions/A/libSparseBLAS.dylib
0x0000000009530000 	/System/Library/PrivateFrameworks/GPUCompiler.framework/libmetal_timestamp.dylib
0x0000000009530000 	/System/Library/Frameworks/OpenGL.framework/Versions/A/Libraries/libCoreFSCache.dylib
0x0000000009530000 	/System/Library/PrivateFrameworks/IOAccelerator.framework/Versions/A/IOAccelerator
0x0000000009530000 	/System/Library/Frameworks/ApplicationServices.framework/Versions/A/Frameworks/ATS.framework/Versions/A/Resources/libFontParser.dylib
0x0000000009530000 	/System/Library/Frameworks/ApplicationServices.framework/Versions/A/Frameworks/ATS.framework/Versions/A/Resources/libFontRegistry.dylib
0x0000000009530000 	/System/Library/PrivateFrameworks/AppleVPA.framework/Versions/A/AppleVPA
0x0000000009530000 	/System/Library/PrivateFrameworks/AppleJPEG.framework/Versions/A/AppleJPEG
0x0000000009530000 	/System/Library/Frameworks/ImageIO.framework/Versions/A/Resources/libJPEG.dylib
0x0000000009530000 	/System/Library/Frameworks/ImageIO.framework/Versions/A/Resources/libTIFF.dylib
0x0000000009530000 	/System/Library/Frameworks/ImageIO.framework/Versions/A/Resources/libPng.dylib
0x0000000009530000 	/System/Library/Frameworks/ImageIO.framework/Versions/A/Resources/libGIF.dylib
0x0000000009530000 	/System/Library/Frameworks/ImageIO.framework/Versions/A/Resources/libJP2.dylib
0x0000000009530000 	/System/Library/Frameworks/ImageIO.framework/Versions/A/Resources/libRadiance.dylib
0x0000000009530000 	/System/Library/Frameworks/CoreVideo.framework/Versions/A/CoreVideo
0x0000000009530000 	/System/Library/Frameworks/OpenGL.framework/Versions/A/Libraries/libGLU.dylib
0x0000000009530000 	/System/Library/Frameworks/OpenGL.framework/Versions/A/Libraries/libGFXShared.dylib
0x0000000009530000 	/System/Library/Frameworks/OpenGL.framework/Versions/A/Libraries/libGL.dylib
0x0000000009530000 	/System/Library/Frameworks/OpenGL.framework/Versions/A/Libraries/libGLImage.dylib
0x0000000009530000 	/System/Library/Frameworks/OpenGL.framework/Versions/A/Libraries/libCVMSPluginSupport.dylib
0x0000000009530000 	/System/Library/Frameworks/OpenGL.framework/Versions/A/Libraries/libCoreVMClient.dylib
0x0000000009530000 	/usr/lib/libcups.2.dylib
0x0000000009530000 	/System/Library/Frameworks/Kerberos.framework/Versions/A/Kerberos
0x0000000009530000 	/System/Library/Frameworks/GSS.framework/Versions/A/GSS
0x0000000009530000 	/usr/lib/libresolv.9.dylib
0x0000000009530000 	/usr/lib/libiconv.2.dylib
0x0000000009530000 	/System/Library/PrivateFrameworks/Heimdal.framework/Versions/A/Heimdal
0x0000000009530000 	/usr/lib/libheimdal-asn1.dylib
0x0000000009530000 	/System/Library/Frameworks/OpenDirectory.framework/Versions/A/OpenDirectory
0x0000000009530000 	/System/Library/PrivateFrameworks/CommonAuth.framework/Versions/A/CommonAuth
0x0000000009530000 	/System/Library/Frameworks/OpenDirectory.framework/Versions/A/Frameworks/CFOpenDirectory.framework/Versions/A/CFOpenDirectory
0x0000000009530000 	/System/Library/Frameworks/SecurityFoundation.framework/Versions/A/SecurityFoundation
0x0000000009530000 	/System/Library/PrivateFrameworks/LanguageModeling.framework/Versions/A/LanguageModeling
0x0000000009530000 	/usr/lib/libmarisa.dylib
0x0000000009530000 	/usr/lib/libChineseTokenizer.dylib
0x0000000009530000 	/usr/lib/libcmph.dylib
0x0000000009530000 	/usr/lib/libcompression.dylib
0x0000000009530000 	/System/Library/Frameworks/ServiceManagement.framework/Versions/A/ServiceManagement
0x0000000009530000 	/usr/lib/libxslt.1.dylib
0x0000000009530000 	/System/Library/Frameworks/Carbon.framework/Versions/A/Frameworks/Ink.framework/Versions/A/Ink
0x0000000009530000 	/usr/lib/libFosl_dynamic.dylib
0x0000000009530000 	/System/Library/PrivateFrameworks/FaceCore.framework/Versions/A/FaceCore
0x0000000009530000 	/System/Library/Frameworks/OpenCL.framework/Versions/A/OpenCL
0x0000000009530000 	/System/Library/PrivateFrameworks/CrashReporterSupport.framework/Versions/A/CrashReporterSupport
0x0000000009530000 	/System/Library/PrivateFrameworks/IconServices.framework/Versions/A/IconServices
0x0000000009530000 	/System/Library/PrivateFrameworks/Apple80211.framework/Versions/A/Apple80211
0x0000000009530000 	/System/Library/Frameworks/CoreWLAN.framework/Versions/A/CoreWLAN
0x0000000009530000 	/System/Library/Frameworks/IOBluetooth.framework/Versions/A/IOBluetooth
0x0000000009530000 	/System/Library/PrivateFrameworks/CoreWiFi.framework/Versions/A/CoreWiFi
0x0000000009530000 	/System/Library/Frameworks/CoreBluetooth.framework/Versions/A/CoreBluetooth
0x0000000009530000 	/System/Library/PrivateFrameworks/ChunkingLibrary.framework/Versions/A/ChunkingLibrary
0x0000000009530000 	/System/Library/PrivateFrameworks/DebugSymbols.framework/Versions/A/DebugSymbols
0x0000000009530000 	/System/Library/PrivateFrameworks/CoreSymbolication.framework/Versions/A/CoreSymbolication
0x0000000009530000 	/System/Library/PrivateFrameworks/Symbolication.framework/Versions/A/Symbolication
0x0000000009530000 	/System/Library/PrivateFrameworks/SpeechRecognitionCore.framework/Versions/A/SpeechRecognitionCore
0x00000001058c9000 	/System/Library/CoreServices/Encodings/libSimplifiedChineseConverter.dylib
0x000000010590d000 	/Library/Java/JavaVirtualMachines/jdk1.8.0_25.jdk/Contents/Home/jre/lib/server/libjvm.dylib
0x0000000009530000 	/usr/lib/libstdc++.6.dylib
0x0000000106829000 	/Library/Java/JavaVirtualMachines/jdk1.8.0_25.jdk/Contents/Home/jre/lib/libverify.dylib
0x0000000106837000 	/Library/Java/JavaVirtualMachines/jdk1.8.0_25.jdk/Contents/Home/jre/lib/libjava.dylib
0x000000010686c000 	/Library/Java/JavaVirtualMachines/jdk1.8.0_25.jdk/Contents/Home/jre/lib/libjdwp.dylib
0x00000001068bb000 	/Library/Java/JavaVirtualMachines/jdk1.8.0_25.jdk/Contents/Home/jre/lib/libnpt.dylib
0x00000001068c8000 	/Library/Java/JavaVirtualMachines/jdk1.8.0_25.jdk/Contents/Home/jre/lib/libzip.dylib
0x000000011ca3e000 	/System/Library/Frameworks/JavaVM.framework/Frameworks/JavaRuntimeSupport.framework/JavaRuntimeSupport
0x000000011ca59000 	/System/Library/Frameworks/JavaVM.framework/Versions/A/Frameworks/JavaNativeFoundation.framework/Versions/A/JavaNativeFoundation
0x00000001069f3000 	/System/Library/Frameworks/JavaVM.framework/Versions/A/JavaVM
0x0000000009530000 	/System/Library/Frameworks/Carbon.framework/Versions/A/Carbon
0x000000011ca6e000 	/System/Library/PrivateFrameworks/JavaLaunching.framework/Versions/A/JavaLaunching
0x0000000009530000 	/System/Library/Frameworks/Carbon.framework/Versions/A/Frameworks/CommonPanels.framework/Versions/A/CommonPanels
0x0000000009530000 	/System/Library/Frameworks/Carbon.framework/Versions/A/Frameworks/Help.framework/Versions/A/Help
0x0000000009530000 	/System/Library/Frameworks/Carbon.framework/Versions/A/Frameworks/ImageCapture.framework/Versions/A/ImageCapture
0x0000000009530000 	/System/Library/Frameworks/Carbon.framework/Versions/A/Frameworks/OpenScripting.framework/Versions/A/OpenScripting
0x0000000009530000 	/System/Library/Frameworks/Carbon.framework/Versions/A/Frameworks/Print.framework/Versions/A/Print
0x0000000009530000 	/System/Library/Frameworks/Carbon.framework/Versions/A/Frameworks/SecurityHI.framework/Versions/A/SecurityHI
0x000000011e38e000 	/Library/Java/JavaVirtualMachines/jdk1.8.0_25.jdk/Contents/Home/jre/lib/libdt_socket.dylib

VM Arguments:
jvm_args: -agentlib:jdwp=transport=dt_socket,address=127.0.0.1:55434,suspend=y,server=n -Dfile.encoding=UTF-8 
java_command: Assignment2.HashTree
java_class_path (initial): /Library/Java/JavaVirtualMachines/jdk1.8.0_25.jdk/Contents/Home/lib/ant-javafx.jar:/Library/Java/JavaVirtualMachines/jdk1.8.0_25.jdk/Contents/Home/lib/dt.jar:/Library/Java/JavaVirtualMachines/jdk1.8.0_25.jdk/Contents/Home/lib/javafx-mx.jar:/Library/Java/JavaVirtualMachines/jdk1.8.0_25.jdk/Contents/Home/lib/jconsole.jar:/Library/Java/JavaVirtualMachines/jdk1.8.0_25.jdk/Contents/Home/lib/sa-jdi.jar:/Library/Java/JavaVirtualMachines/jdk1.8.0_25.jdk/Contents/Home/lib/tools.jar:/Library/Java/JavaVirtualMachines/jdk1.8.0_25.jdk/Contents/Home/jre/lib/charsets.jar:/Library/Java/JavaVirtualMachines/jdk1.8.0_25.jdk/Contents/Home/jre/lib/deploy.jar:/Library/Java/JavaVirtualMachines/jdk1.8.0_25.jdk/Contents/Home/jre/lib/javaws.jar:/Library/Java/JavaVirtualMachines/jdk1.8.0_25.jdk/Contents/Home/jre/lib/jce.jar:/Library/Java/JavaVirtualMachines/jdk1.8.0_25.jdk/Contents/Home/jre/lib/jfr.jar:/Library/Java/JavaVirtualMachines/jdk1.8.0_25.jdk/Contents/Home/jre/lib/jfxswt.jar:/Library/Java/JavaVirtualMachines/jdk1.8.0_25.jdk/Contents/Home/jre/lib/jsse.jar:/Library/Java/JavaVirtualMachines/jdk1.8.0_25.jdk/Contents/Home/jre/lib/management-agent.jar:/Library/Java/JavaVirtualMachines/jdk1.8.0_25.jdk/Contents/Home/jre/lib/plugin.jar:/Library/Java/JavaVirtualMachines/jdk1.8.0_25.jdk/Contents/Home/jre/lib/resources.jar:/Library/Java/JavaVirtualMachines/jdk1.8.0_25.jdk/Contents/Home/jre/lib/rt.jar:/Library/Java/JavaVirtualMachines/jdk1.8.0_25.jdk/Contents/Home/jre/lib/ext/cldrdata.jar:/Library/Java/JavaVirtualMachines/jdk1.8.0_25.jdk/Contents/Home/jre/lib/ext/dnsns.jar:/Library/Java/JavaVirtualMachines/jdk1.8.0_25.jdk/Contents/Home/jre/lib/ext/jfxrt.jar:/Library/Java/JavaVirtualMachines/jdk1.8.0_25.jdk/Contents/Home/jre/lib/ext/localedata.jar:/Library/Java/JavaVirtualMachines/jdk1.8.0_25.jdk/Contents/Home/jre/lib/ext/nashorn.jar:/Library/Java/JavaVirtualMachines/jdk1.8.0_25.jdk/Contents/Home/jre/lib/ext/sunec.jar:/Library/Java/JavaVirtualMachines/jdk1.8.0_25.jdk/C
Launcher Type: SUN_STANDARD

Environment Variables:
PATH=/Users/walker/.rvm/gems/ruby-2.0.0-p598/bin:/Users/walker/.rvm/gems/ruby-2.0.0-p598@global/bin:/Users/walker/.rvm/rubies/ruby-2.0.0-p598/bin:/usr/local/bin:/usr/bin:/bin:/usr/sbin:/sbin:/opt/X11/bin:/usr/texbin:/Users/walker/.local/share/mongodb/bin:/Users/walker/.local/share/clang+llvm-3.6.0-x86_64-apple-darwin/bin:/Users/walker/.rvm/gems/ruby-2.0.0-p598/bin:/Users/walker/.rvm/gems/ruby-2.0.0-p598@global/bin:/Users/walker/.rvm/rubies/ruby-2.0.0-p598/bin:/usr/local/bin:/usr/bin:/bin:/usr/sbin:/sbin:/opt/X11/bin:/Users/walker/.rvm/bin:/Users/walker/.rvm/bin:/usr/texbin
SHELL=/bin/zsh
DISPLAY=/private/tmp/com.apple.launchd.nvMfj6kHPe/org.macosforge.xquartz:0

Signal Handlers:
SIGSEGV: [libjvm.dylib+0x579dc7], sa_mask[0]=11111111011111110111111111111111, sa_flags=SA_ONSTACK|SA_RESTART|SA_SIGINFO
SIGBUS: [libjvm.dylib+0x579dc7], sa_mask[0]=11111111011111110111111111111111, sa_flags=SA_RESTART|SA_SIGINFO
SIGFPE: [libjvm.dylib+0x45b030], sa_mask[0]=11111111011111110111111111111111, sa_flags=SA_RESTART|SA_SIGINFO
SIGPIPE: [libjvm.dylib+0x45b030], sa_mask[0]=11111111011111110111111111111111, sa_flags=SA_RESTART|SA_SIGINFO
SIGXFSZ: [libjvm.dylib+0x45b030], sa_mask[0]=11111111011111110111111111111111, sa_flags=SA_RESTART|SA_SIGINFO
SIGILL: [libjvm.dylib+0x45b030], sa_mask[0]=11111111011111110111111111111111, sa_flags=SA_RESTART|SA_SIGINFO
SIGUSR1: SIG_DFL, sa_mask[0]=00000000000000000000000000000000, sa_flags=none
SIGUSR2: [libjvm.dylib+0x45ab4e], sa_mask[0]=00100000000000000000000000000000, sa_flags=SA_RESTART|SA_SIGINFO
SIGHUP: [libjvm.dylib+0x459121], sa_mask[0]=11111111011111110111111111111111, sa_flags=SA_RESTART|SA_SIGINFO
SIGINT: [libjvm.dylib+0x459121], sa_mask[0]=11111111011111110111111111111111, sa_flags=SA_RESTART|SA_SIGINFO
SIGTERM: [libjvm.dylib+0x459121], sa_mask[0]=11111111011111110111111111111111, sa_flags=SA_RESTART|SA_SIGINFO
SIGQUIT: [libjvm.dylib+0x459121], sa_mask[0]=11111111011111110111111111111111, sa_flags=SA_RESTART|SA_SIGINFO


---------------  S Y S T E M  ---------------

OS:Bsduname:Darwin 15.0.0 Darwin Kernel Version 15.0.0: Wed Aug 26 16:57:32 PDT 2015; root:xnu-3247.1.106~1/RELEASE_X86_64 x86_64
rlimit: STACK 8192k, CORE 0k, NPROC 709, NOFILE 10240, AS infinity
load average:4.30 4.25 4.38

CPU:total 4 (2 cores per cpu, 2 threads per core) family 6 model 69 stepping 1, cmov, cx8, fxsr, mmx, sse, sse2, sse3, ssse3, sse4.1, sse4.2, popcnt, avx, avx2, aes, clmul, erms, lzcnt, ht, tsc, tscinvbit, bmi1, bmi2

Memory: 4k page, physical 8388608k(1471660k free)

/proc/meminfo:


vm_info: Java HotSpot(TM) 64-Bit Server VM (25.25-b02) for bsd-amd64 JRE (1.8.0_25-b17), built on Sep 17 2014 16:56:50 by "java_re" with gcc 4.2.1 (Based on Apple Inc. build 5658) (LLVM build 2336.11.00)

time: Sun Oct 25 21:44:02 2015
elapsed time: 6610 seconds (0d 1h 50m 10s)

